<?xml version="1.0" encoding="UTF-8"?>
<!-- Generated by org.testng.reporters.JUnitReportReporter -->
<testsuite hostname="DESKTOP-TL208KR" failures="0" tests="1" name="HMS.Admin.Testcases.Dashboardtest" time="6.940" errors="0" timestamp="2022-02-18T08:30:48 IST" skipped="0">
  <testcase classname="HMS.Admin.Testcases.Dashboardtest" name="dashtest" time="6.940"/>
  <system-out/>
</testsuite> <!-- HMS.Admin.Testcases.Dashboardtest -->
