<?xml version="1.0" encoding="UTF-8"?>
<!-- Generated by org.testng.reporters.JUnitReportReporter -->
<testsuite hostname="DESKTOP-TL208KR" failures="0" tests="1" name="HMS.Admin.Testcases.LoginTest" time="27.186" errors="0" timestamp="2022-02-14T08:53:25 IST" skipped="0">
  <testcase classname="HMS.Admin.Testcases.LoginTest" name="loginpagetest" time="27.186"/>
  <system-out/>
</testsuite> <!-- HMS.Admin.Testcases.LoginTest -->
