<?xml version="1.0" encoding="UTF-8"?>
<!-- Generated by org.testng.reporters.JUnitReportReporter -->
<testsuite hostname="DESKTOP-TL208KR" failures="0" tests="1" name="HMS.Admin.Testcases.Vistortest" time="0.000" errors="0" timestamp="2022-02-26T17:08:50 IST" skipped="1">
  <testcase classname="HMS.Admin.Testcases.Vistortest" name="addvistordetails" time="0.000">
    <skipped/>
  </testcase> <!-- addvistordetails -->
  <system-out/>
</testsuite> <!-- HMS.Admin.Testcases.Vistortest -->
